Using pre-set license
Built from '2021.3/staging' branch; Version is '2021.3.6f1 (7da38d85baf6) revision 8233869'; Using compiler version '192829333'; Build Type 'Release'
OS: 'Windows 11  (10.0.22000) 64bit CoreSingleLanguage' Language: 'es' Physical Memory: 7959 MB
BatchMode: 1, IsHumanControllingUs: 0, StartBugReporterOnCrash: 0, Is64bit: 1, IsPro: 1

COMMAND LINE ARGUMENTS:
C:\Program Files\Unity\Hub\Editor\2021.3.6f1\Editor\Unity.exe
-adb2
-batchMode
-noUpm
-name
AssetImportWorker0
-projectPath
C:/Users/Rosaa/OneDrive/Documentos/UTCH/10 Cuatri/Videojuegos/JuegoIndividual
-logFile
Logs/AssetImportWorker0.log
-srvPort
57790
Successfully changed project path to: C:/Users/Rosaa/OneDrive/Documentos/UTCH/10 Cuatri/Videojuegos/JuegoIndividual
C:/Users/Rosaa/OneDrive/Documentos/UTCH/10 Cuatri/Videojuegos/JuegoIndividual
[UnityMemory] Configuration Parameters - Can be set up in boot.config
    "memorysetup-bucket-allocator-granularity=16"
    "memorysetup-bucket-allocator-bucket-count=8"
    "memorysetup-bucket-allocator-block-size=33554432"
    "memorysetup-bucket-allocator-block-count=8"
    "memorysetup-main-allocator-block-size=16777216"
    "memorysetup-thread-allocator-block-size=16777216"
    "memorysetup-gfx-main-allocator-block-size=16777216"
    "memorysetup-gfx-thread-allocator-block-size=16777216"
    "memorysetup-cache-allocator-block-size=4194304"
    "memorysetup-typetree-allocator-block-size=2097152"
    "memorysetup-profiler-bucket-allocator-granularity=16"
    "memorysetup-profiler-bucket-allocator-bucket-count=8"
    "memorysetup-profiler-bucket-allocator-block-size=33554432"
    "memorysetup-profiler-bucket-allocator-block-count=8"
    "memorysetup-profiler-allocator-block-size=16777216"
    "memorysetup-profiler-editor-allocator-block-size=1048576"
    "memorysetup-temp-allocator-size-main=16777216"
    "memorysetup-job-temp-allocator-block-size=2097152"
    "memorysetup-job-temp-allocator-block-size-background=1048576"
    "memorysetup-job-temp-allocator-reduction-small-platforms=262144"
    "memorysetup-temp-allocator-size-background-worker=32768"
    "memorysetup-temp-allocator-size-job-worker=262144"
    "memorysetup-temp-allocator-size-preload-manager=33554432"
    "memorysetup-temp-allocator-size-nav-mesh-worker=65536"
    "memorysetup-temp-allocator-size-audio-worker=65536"
    "memorysetup-temp-allocator-size-cloud-worker=32768"
    "memorysetup-temp-allocator-size-gi-baking-worker=262144"
    "memorysetup-temp-allocator-size-gfx=262144"
Refreshing native plugins compatible for Editor in 128.88 ms, found 3 plugins.
Preloading 0 native plugins for Editor in 0.00 ms.
Initialize engine version: 2021.3.6f1 (7da38d85baf6)
[Subsystems] Discovering subsystems at path C:/Program Files/Unity/Hub/Editor/2021.3.6f1/Editor/Data/Resources/UnitySubsystems
[Subsystems] Discovering subsystems at path C:/Users/Rosaa/OneDrive/Documentos/UTCH/10 Cuatri/Videojuegos/JuegoIndividual/Assets
GfxDevice: creating device client; threaded=0; jobified=0
Direct3D:
    Version:  Direct3D 11.0 [level 11.1]
    Renderer: NVIDIA GeForce MX230 (ID=0x1d11)
    Vendor:   NVIDIA
    VRAM:     4028 MB
    Driver:   30.0.15.1169
Initialize mono
Mono path[0] = 'C:/Program Files/Unity/Hub/Editor/2021.3.6f1/Editor/Data/Managed'
Mono path[1] = 'C:/Program Files/Unity/Hub/Editor/2021.3.6f1/Editor/Data/MonoBleedingEdge/lib/mono/unityjit-win32'
Mono config path = 'C:/Program Files/Unity/Hub/Editor/2021.3.6f1/Editor/Data/MonoBleedingEdge/etc'
Using monoOptions --debugger-agent=transport=dt_socket,embedding=1,server=y,suspend=n,address=127.0.0.1:56224
Begin MonoManager ReloadAssembly
Registering precompiled unity dll's ...
Register platform support module: C:/Program Files/Unity/Hub/Editor/2021.3.6f1/Editor/Data/PlaybackEngines/WebGLSupport/UnityEditor.WebGL.Extensions.dll
Register platform support module: C:/Program Files/Unity/Hub/Editor/2021.3.6f1/Editor/Data/PlaybackEngines/WindowsStandaloneSupport/UnityEditor.WindowsStandalone.Extensions.dll
Registered in 0.009087 seconds.
Native extension for WindowsStandalone target not found
Native extension for WebGL target not found
Refreshing native plugins compatible for Editor in 90.72 ms, found 3 plugins.
Preloading 0 native plugins for Editor in 0.00 ms.
Mono: successfully reloaded assembly
- Completed reload, in  0.768 seconds
Domain Reload Profiling:
	ReloadAssembly (769ms)
		BeginReloadAssembly (135ms)
			ExecutionOrderSort (0ms)
			DisableScriptedObjects (0ms)
			BackupInstance (0ms)
			ReleaseScriptingObjects (0ms)
			CreateAndSetChildDomain (2ms)
		EndReloadAssembly (497ms)
			LoadAssemblies (130ms)
			RebuildTransferFunctionScriptingTraits (1ms)
			SetupTypeCache (116ms)
			ReleaseScriptCaches (0ms)
			RebuildScriptCaches (28ms)
			SetupLoadedEditorAssemblies (295ms)
				LogAssemblyErrors (0ms)
				InitializePlatformSupportModulesInManaged (10ms)
				SetLoadedEditorAssemblies (0ms)
				RefreshPlugins (91ms)
				BeforeProcessingInitializeOnLoad (3ms)
				ProcessInitializeOnLoadAttributes (135ms)
				ProcessInitializeOnLoadMethodAttributes (55ms)
				AfterProcessingInitializeOnLoad (0ms)
				EditorAssembliesLoaded (1ms)
			ExecutionOrderSort2 (0ms)
			AwakeInstancesAfterBackupRestoration (0ms)
Platform modules already initialized, skipping
Registering precompiled user dll's ...
Registered in 0.007591 seconds.
Begin MonoManager ReloadAssembly
Symbol file LoadedFromMemory doesn't match image C:\Users\Rosaa\OneDrive\Documentos\UTCH\10 Cuatri\Videojuegos\JuegoIndividual\Library\PackageCache\com.unity.visualscripting@1.7.8\Editor\VisualScripting.Core\Dependencies\YamlDotNet\Unity.VisualScripting.YamlDotNet.dll
Symbol file LoadedFromMemory doesn't match image C:\Users\Rosaa\OneDrive\Documentos\UTCH\10 Cuatri\Videojuegos\JuegoIndividual\Library\PackageCache\com.unity.visualscripting@1.7.8\Editor\VisualScripting.Core\Dependencies\DotNetZip\Unity.VisualScripting.IonicZip.dll
Native extension for WindowsStandalone target not found
Native extension for WebGL target not found
Refreshing native plugins compatible for Editor in 3.69 ms, found 3 plugins.
Preloading 0 native plugins for Editor in 0.00 ms.
Mono: successfully reloaded assembly
- Completed reload, in  1.814 seconds
Domain Reload Profiling:
	ReloadAssembly (1815ms)
		BeginReloadAssembly (144ms)
			ExecutionOrderSort (0ms)
			DisableScriptedObjects (6ms)
			BackupInstance (0ms)
			ReleaseScriptingObjects (0ms)
			CreateAndSetChildDomain (24ms)
		EndReloadAssembly (1526ms)
			LoadAssemblies (170ms)
			RebuildTransferFunctionScriptingTraits (0ms)
			SetupTypeCache (385ms)
			ReleaseScriptCaches (1ms)
			RebuildScriptCaches (157ms)
			SetupLoadedEditorAssemblies (738ms)
				LogAssemblyErrors (0ms)
				InitializePlatformSupportModulesInManaged (20ms)
				SetLoadedEditorAssemblies (2ms)
				RefreshPlugins (4ms)
				BeforeProcessingInitializeOnLoad (199ms)
				ProcessInitializeOnLoadAttributes (466ms)
				ProcessInitializeOnLoadMethodAttributes (38ms)
				AfterProcessingInitializeOnLoad (10ms)
				EditorAssembliesLoaded (0ms)
			ExecutionOrderSort2 (0ms)
			AwakeInstancesAfterBackupRestoration (8ms)
Platform modules already initialized, skipping
========================================================================
Worker process is ready to serve import requests
Launched and connected shader compiler UnityShaderCompiler.exe after 0.05 seconds
Refreshing native plugins compatible for Editor in 1.66 ms, found 3 plugins.
Preloading 0 native plugins for Editor in 0.00 ms.
Unloading 3528 Unused Serialized files (Serialized files now loaded: 0)
Unloading 40 unused Assets / (181.6 KB). Loaded Objects now: 3984.
Memory consumption went from 125.0 MB to 124.8 MB.
Total: 7.374300 ms (FindLiveObjects: 0.466400 ms CreateObjectMapping: 0.576100 ms MarkObjects: 6.039800 ms  DeleteObjects: 0.290200 ms)

AssetImportParameters requested are different than current active one (requested -> active):
  custom:video-decoder-ogg-theora: a1e56fd34408186e4bbccfd4996cb3dc -> 
  custom:container-muxer-webm: aa71ff27fc2769a1b78a27578f13a17b -> 
  custom:container-demuxer-webm: 4f35f7cbe854078d1ac9338744f61a02 -> 
  custom:video-encoder-webm-vp8: eb34c28f22e8b96e1ab97ce403110664 -> 
  custom:video-codec-MediaFoundation-h265: 746d11721c4dcdbdad8f713fa42b33f4 -> 
  custom:audio-encoder-webm-vorbis: bf7c407c2cedff20999df2af8eb42d56 -> 
  custom:framework-win-MediaFoundation: 216162199b28c13a410421893ffa2e32 -> 
  custom:container-demuxer-ogg: 62fdf1f143b41e24485cea50d1cbac27 -> 
  custom:video-decoder-webm-vp8: 9c59270c3fd7afecdb556c50c9e8de78 -> 
  custom:audio-decoder-ogg-vorbis: bf7c407c2cedff20999df2af8eb42d56 -> 
========================================================================
Received Import Request.
  Time since last request: 558141.965196 seconds.
  path: Assets/BayatGames/Free Platform Game Assets/Backgrounds/Background/ai/Background1920x1080.ai
  artifactKey: Guid(7cd3b215038f90247ba8289dcb963fc9) Importer(815301076,1909f56bfc062723c751e8b465ee728b)
Start importing Assets/BayatGames/Free Platform Game Assets/Backgrounds/Background/ai/Background1920x1080.ai using Guid(7cd3b215038f90247ba8289dcb963fc9) Importer(815301076,1909f56bfc062723c751e8b465ee728b)  -> (artifact id: '683e2336df7035037ade1573be232d61') in 0.046913 seconds 
========================================================================
Received Import Request.
  Time since last request: 16.376739 seconds.
  path: Assets/BayatGames/Free Platform Game Assets/Backgrounds/Background/png/1920x1080/All/Hills_1.png
  artifactKey: Guid(bc04fcad4faea944a8bfbfe731627020) Importer(815301076,1909f56bfc062723c751e8b465ee728b)
Start importing Assets/BayatGames/Free Platform Game Assets/Backgrounds/Background/png/1920x1080/All/Hills_1.png using Guid(bc04fcad4faea944a8bfbfe731627020) Importer(815301076,1909f56bfc062723c751e8b465ee728b)  -> (artifact id: '18e307ae5f42568762b2cc4bec2e8509') in 0.313811 seconds 
========================================================================
Received Import Request.
  Time since last request: 0.000032 seconds.
  path: Assets/BayatGames/Free Platform Game Assets/Backgrounds/Background/png/1920x1080/All/Mountain_2.png
  artifactKey: Guid(35b557e85813f0d479101c3f07f57501) Importer(815301076,1909f56bfc062723c751e8b465ee728b)
Start importing Assets/BayatGames/Free Platform Game Assets/Backgrounds/Background/png/1920x1080/All/Mountain_2.png using Guid(35b557e85813f0d479101c3f07f57501) Importer(815301076,1909f56bfc062723c751e8b465ee728b)  -> (artifact id: 'fa555de6f65a3be752d86f4c1649b3d4') in 0.042422 seconds 
========================================================================
Received Import Request.
  Time since last request: 0.000038 seconds.
  path: Assets/BayatGames/Free Platform Game Assets/Backgrounds/Background/png/1920x1080/All/Sky.png
  artifactKey: Guid(76692b579eb85b94a84a9a139e8231ec) Importer(815301076,1909f56bfc062723c751e8b465ee728b)
Start importing Assets/BayatGames/Free Platform Game Assets/Backgrounds/Background/png/1920x1080/All/Sky.png using Guid(76692b579eb85b94a84a9a139e8231ec) Importer(815301076,1909f56bfc062723c751e8b465ee728b)  -> (artifact id: 'f1f32d83551a88f5a64ec8fde08d6e2e') in 0.115077 seconds 
========================================================================
Received Import Request.
  Time since last request: 6.147728 seconds.
  path: Assets/BayatGames/Free Platform Game Assets/Character/Character Source/png/1x/Body.png
  artifactKey: Guid(34d7edc209cc0a44bbd2d515e290b5dc) Importer(815301076,1909f56bfc062723c751e8b465ee728b)
Start importing Assets/BayatGames/Free Platform Game Assets/Character/Character Source/png/1x/Body.png using Guid(34d7edc209cc0a44bbd2d515e290b5dc) Importer(815301076,1909f56bfc062723c751e8b465ee728b)  -> (artifact id: '3835129eb0043f133d43a0dc811e0e8e') in 0.023233 seconds 
========================================================================
Received Import Request.
  Time since last request: 0.000069 seconds.
  path: Assets/BayatGames/Free Platform Game Assets/Character/Character Source/png/1x/RightHand&Arm.png
  artifactKey: Guid(1522717752b33424eb99ca876b572985) Importer(815301076,1909f56bfc062723c751e8b465ee728b)
Start importing Assets/BayatGames/Free Platform Game Assets/Character/Character Source/png/1x/RightHand&Arm.png using Guid(1522717752b33424eb99ca876b572985) Importer(815301076,1909f56bfc062723c751e8b465ee728b)  -> (artifact id: 'c4e65530510b30d00aa96d95fe868057') in 0.026300 seconds 
========================================================================
Received Import Request.
  Time since last request: 0.000031 seconds.
  path: Assets/BayatGames/Free Platform Game Assets/Character/Character Source/png/1x/Foot.png
  artifactKey: Guid(f0f2d2ccf421cf04987dd480807bc932) Importer(815301076,1909f56bfc062723c751e8b465ee728b)
Start importing Assets/BayatGames/Free Platform Game Assets/Character/Character Source/png/1x/Foot.png using Guid(f0f2d2ccf421cf04987dd480807bc932) Importer(815301076,1909f56bfc062723c751e8b465ee728b)  -> (artifact id: '8008e6de0b468a27dbee124b8cb234f8') in 0.017715 seconds 
========================================================================
Received Import Request.
  Time since last request: 3.057659 seconds.
  path: Assets/BayatGames/Free Platform Game Assets/Character/Character Source/png/2x/Body.png
  artifactKey: Guid(0a6fbfb8eda4e574d9f147b94d2acc68) Importer(815301076,1909f56bfc062723c751e8b465ee728b)
Start importing Assets/BayatGames/Free Platform Game Assets/Character/Character Source/png/2x/Body.png using Guid(0a6fbfb8eda4e574d9f147b94d2acc68) Importer(815301076,1909f56bfc062723c751e8b465ee728b)  -> (artifact id: '1ba1e8a5ccdd54ceb99b9b88f491257b') in 0.025936 seconds 
========================================================================
Received Import Request.
  Time since last request: 0.000032 seconds.
  path: Assets/BayatGames/Free Platform Game Assets/Character/Character Source/png/2x/LeftHand&Arm.png
  artifactKey: Guid(06a078d21287a7940979bd11e1ad823f) Importer(815301076,1909f56bfc062723c751e8b465ee728b)
Start importing Assets/BayatGames/Free Platform Game Assets/Character/Character Source/png/2x/LeftHand&Arm.png using Guid(06a078d21287a7940979bd11e1ad823f) Importer(815301076,1909f56bfc062723c751e8b465ee728b)  -> (artifact id: 'f9ab327d10eb3de878c998d242d38889') in 0.023363 seconds 
========================================================================
Received Import Request.
  Time since last request: 3.376968 seconds.
  path: Assets/BayatGames/Free Platform Game Assets/Character/Character Source/png/4x/Sprite Mesh/Body.asset
  artifactKey: Guid(ee067ee8670fa3e47829b0d74eec99c0) Importer(815301076,1909f56bfc062723c751e8b465ee728b)
Start importing Assets/BayatGames/Free Platform Game Assets/Character/Character Source/png/4x/Sprite Mesh/Body.asset using Guid(ee067ee8670fa3e47829b0d74eec99c0) Importer(815301076,1909f56bfc062723c751e8b465ee728b)  -> (artifact id: '6998bfedf2fdfa78403a073e62738c0e') in 0.005032 seconds 
========================================================================
Received Import Request.
  Time since last request: 0.000033 seconds.
  path: Assets/BayatGames/Free Platform Game Assets/Character/Character Source/png/4x/Sprite Mesh/RightArm.asset
  artifactKey: Guid(16a9e1c44e64817489286dc78e4df8c3) Importer(815301076,1909f56bfc062723c751e8b465ee728b)
Start importing Assets/BayatGames/Free Platform Game Assets/Character/Character Source/png/4x/Sprite Mesh/RightArm.asset using Guid(16a9e1c44e64817489286dc78e4df8c3) Importer(815301076,1909f56bfc062723c751e8b465ee728b)  -> (artifact id: '77ccfee8eb657db4d5de462a34b5d250') in 0.003847 seconds 
========================================================================
Received Import Request.
  Time since last request: 0.000039 seconds.
  path: Assets/BayatGames/Free Platform Game Assets/Character/Character Source/png/4x/Sprite Mesh/RightFoot.asset
  artifactKey: Guid(5ff121e36eddf704f85167abbb32b4be) Importer(815301076,1909f56bfc062723c751e8b465ee728b)
Start importing Assets/BayatGames/Free Platform Game Assets/Character/Character Source/png/4x/Sprite Mesh/RightFoot.asset using Guid(5ff121e36eddf704f85167abbb32b4be) Importer(815301076,1909f56bfc062723c751e8b465ee728b)  -> (artifact id: '2a01468652eaa83073a167a088e8a221') in 0.003278 seconds 
========================================================================
Received Import Request.
  Time since last request: 0.000029 seconds.
  path: Assets/BayatGames/Free Platform Game Assets/Character/Character Source/png/4x/Sprite Mesh/RightEye.asset
  artifactKey: Guid(17c571d91f206054c828dd3851b48b3b) Importer(815301076,1909f56bfc062723c751e8b465ee728b)
Start importing Assets/BayatGames/Free Platform Game Assets/Character/Character Source/png/4x/Sprite Mesh/RightEye.asset using Guid(17c571d91f206054c828dd3851b48b3b) Importer(815301076,1909f56bfc062723c751e8b465ee728b)  -> (artifact id: 'a040926c150f9c9e376caa28c3582c86') in 0.003956 seconds 
========================================================================
Received Import Request.
  Time since last request: 0.000030 seconds.
  path: Assets/BayatGames/Free Platform Game Assets/Character/Character Source/png/4x/Sprite Mesh/RightHand.asset
  artifactKey: Guid(b6aa305d74e359f4fb278d0bf4e540f8) Importer(815301076,1909f56bfc062723c751e8b465ee728b)
Start importing Assets/BayatGames/Free Platform Game Assets/Character/Character Source/png/4x/Sprite Mesh/RightHand.asset using Guid(b6aa305d74e359f4fb278d0bf4e540f8) Importer(815301076,1909f56bfc062723c751e8b465ee728b)  -> (artifact id: '078e3a9dcd63c286c20d1e1c2272414e') in 0.003197 seconds 
========================================================================
Received Import Request.
  Time since last request: 251.896284 seconds.
  path: Assets/BayatGames/Free Platform Game Assets/Character/Character Source/eps/Character.eps
  artifactKey: Guid(2470a02fdfb11d04e9bca27634e43084) Importer(815301076,1909f56bfc062723c751e8b465ee728b)
Start importing Assets/BayatGames/Free Platform Game Assets/Character/Character Source/eps/Character.eps using Guid(2470a02fdfb11d04e9bca27634e43084) Importer(815301076,1909f56bfc062723c751e8b465ee728b)  -> (artifact id: '5c97cd5268282c2a39ccbd63ae77f0b2') in 0.004812 seconds 
========================================================================
Received Import Request.
  Time since last request: 66.739678 seconds.
  path: Assets/BayatGames/Free Platform Game Assets/Character/Character Source/png/1x/Monito.anim
  artifactKey: Guid(2f99eb2af64a5254fba1545251a63a16) Importer(815301076,1909f56bfc062723c751e8b465ee728b)
Start importing Assets/BayatGames/Free Platform Game Assets/Character/Character Source/png/1x/Monito.anim using Guid(2f99eb2af64a5254fba1545251a63a16) Importer(815301076,1909f56bfc062723c751e8b465ee728b)  -> (artifact id: '88c0d2fa85e5fdf0baf54eb85a94191d') in 0.006799 seconds 
========================================================================
Received Import Request.
  Time since last request: 8.196709 seconds.
  path: Assets/BayatGames/Free Platform Game Assets/Character/Character Source/png/1x/Foot.controller
  artifactKey: Guid(a9551723c4af64d479318dcba1f29cfd) Importer(815301076,1909f56bfc062723c751e8b465ee728b)
Start importing Assets/BayatGames/Free Platform Game Assets/Character/Character Source/png/1x/Foot.controller using Guid(a9551723c4af64d479318dcba1f29cfd) Importer(815301076,1909f56bfc062723c751e8b465ee728b)  -> (artifact id: 'f95bd4533168721a500b546fe0c1cc2a') in 0.005611 seconds 
========================================================================
Received Import Request.
  Time since last request: 512.256146 seconds.
  path: Assets/BayatGames/Free Platform Game Assets
  artifactKey: Guid(fca484a638c989e4d899378f52d7c168) Importer(815301076,1909f56bfc062723c751e8b465ee728b)
Start importing Assets/BayatGames/Free Platform Game Assets using Guid(fca484a638c989e4d899378f52d7c168) Importer(815301076,1909f56bfc062723c751e8b465ee728b)  -> (artifact id: '9e684894f150c1960ae17c09f486b9a7') in 0.003176 seconds 
========================================================================
Received Import Request.
  Time since last request: 2.626370 seconds.
  path: Assets/BayatGames/Free Platform Game Assets/GUI ( Update 1.7 )
  artifactKey: Guid(00fb8ddcecb19e2478f01757463055bd) Importer(815301076,1909f56bfc062723c751e8b465ee728b)
Start importing Assets/BayatGames/Free Platform Game Assets/GUI ( Update 1.7 ) using Guid(00fb8ddcecb19e2478f01757463055bd) Importer(815301076,1909f56bfc062723c751e8b465ee728b)  -> (artifact id: 'b0f47acf0af409fdb87421cdec50e947') in 0.004863 seconds 
========================================================================
Received Import Request.
  Time since last request: 1.600033 seconds.
  path: Assets/BayatGames/Free Platform Game Assets/GUI ( Update 1.7 )/png
  artifactKey: Guid(8477585062ea4ab47bf3c29a89d61aaa) Importer(815301076,1909f56bfc062723c751e8b465ee728b)
Start importing Assets/BayatGames/Free Platform Game Assets/GUI ( Update 1.7 )/png using Guid(8477585062ea4ab47bf3c29a89d61aaa) Importer(815301076,1909f56bfc062723c751e8b465ee728b)  -> (artifact id: 'fed498dda3c7d60db5a88d8b1cc3668d') in 0.005046 seconds 
========================================================================
Received Import Request.
  Time since last request: 0.064658 seconds.
  path: Assets/BayatGames/Free Platform Game Assets/GUI ( Update 1.7 )/png/Elements512x256.png
  artifactKey: Guid(0a1addae9aac34447b1e890a7ae76292) Importer(815301076,1909f56bfc062723c751e8b465ee728b)
Start importing Assets/BayatGames/Free Platform Game Assets/GUI ( Update 1.7 )/png/Elements512x256.png using Guid(0a1addae9aac34447b1e890a7ae76292) Importer(815301076,1909f56bfc062723c751e8b465ee728b)  -> (artifact id: 'f0bb90fd479b171be7bf43596d9a1bb0') in 0.053706 seconds 
========================================================================
Received Import Request.
  Time since last request: 0.000023 seconds.
  path: Assets/BayatGames/Free Platform Game Assets/GUI ( Update 1.7 )/png/Iconic1024x1024.png
  artifactKey: Guid(9fb826f3ca5c937439ca036782864fa1) Importer(815301076,1909f56bfc062723c751e8b465ee728b)
Start importing Assets/BayatGames/Free Platform Game Assets/GUI ( Update 1.7 )/png/Iconic1024x1024.png using Guid(9fb826f3ca5c937439ca036782864fa1) Importer(815301076,1909f56bfc062723c751e8b465ee728b)  -> (artifact id: '63bc1c949e49b67bc18e7d071ca350cb') in 0.100425 seconds 
========================================================================
Received Import Request.
  Time since last request: 0.000083 seconds.
  path: Assets/BayatGames/Free Platform Game Assets/GUI ( Update 1.7 )/png/Iconic2048x2048.png
  artifactKey: Guid(2676ff5c94fc9f1489d59bf570d079e3) Importer(815301076,1909f56bfc062723c751e8b465ee728b)
Start importing Assets/BayatGames/Free Platform Game Assets/GUI ( Update 1.7 )/png/Iconic2048x2048.png using Guid(2676ff5c94fc9f1489d59bf570d079e3) Importer(815301076,1909f56bfc062723c751e8b465ee728b)  -> (artifact id: '6d478a539abcd24db79dcd3abc96e4b5') in 0.254749 seconds 
========================================================================
Received Import Request.
  Time since last request: 5.703548 seconds.
  path: Assets/BayatGames/Free Platform Game Assets/Tiles
  artifactKey: Guid(9967777a9fc49854c981eb9ebd1bb605) Importer(815301076,1909f56bfc062723c751e8b465ee728b)
Start importing Assets/BayatGames/Free Platform Game Assets/Tiles using Guid(9967777a9fc49854c981eb9ebd1bb605) Importer(815301076,1909f56bfc062723c751e8b465ee728b)  -> (artifact id: '7955b5631ed2e4f1827f17646157eba2') in 0.004096 seconds 
========================================================================
Received Import Request.
  Time since last request: 5.762769 seconds.
  path: Assets/BayatGames/Free Platform Game Assets/Preview
  artifactKey: Guid(ce425bb503bd13d4c9b901f084f75e99) Importer(815301076,1909f56bfc062723c751e8b465ee728b)
Start importing Assets/BayatGames/Free Platform Game Assets/Preview using Guid(ce425bb503bd13d4c9b901f084f75e99) Importer(815301076,1909f56bfc062723c751e8b465ee728b)  -> (artifact id: 'eeaba342c6f76b63a8a0c0ef14860416') in 0.005514 seconds 
========================================================================
Received Import Request.
  Time since last request: 1.395938 seconds.
  path: Assets/BayatGames/Free Platform Game Assets/Preview/Preview.ai
  artifactKey: Guid(c0d75160fab977340b0a29c9f6a18536) Importer(815301076,1909f56bfc062723c751e8b465ee728b)
Start importing Assets/BayatGames/Free Platform Game Assets/Preview/Preview.ai using Guid(c0d75160fab977340b0a29c9f6a18536) Importer(815301076,1909f56bfc062723c751e8b465ee728b)  -> (artifact id: '9af580506051bd98c2e10181a47c8e00') in 0.003596 seconds 
========================================================================
Received Import Request.
  Time since last request: 2.688694 seconds.
  path: Assets/BayatGames/Free Platform Game Assets/Preview/Preview 2.ai
  artifactKey: Guid(93efba2dead4b2e4cb3ccae0b4580f64) Importer(815301076,1909f56bfc062723c751e8b465ee728b)
Start importing Assets/BayatGames/Free Platform Game Assets/Preview/Preview 2.ai using Guid(93efba2dead4b2e4cb3ccae0b4580f64) Importer(815301076,1909f56bfc062723c751e8b465ee728b)  -> (artifact id: 'baeb430037db1cfdc4127152490dee11') in 0.004632 seconds 
========================================================================
Received Import Request.
  Time since last request: 30.680116 seconds.
  path: Assets/BayatGames/Free Platform Game Assets/Readme.txt
  artifactKey: Guid(05c90c2f277e2fb4cae68fc4b19be67f) Importer(815301076,1909f56bfc062723c751e8b465ee728b)
Start importing Assets/BayatGames/Free Platform Game Assets/Readme.txt using Guid(05c90c2f277e2fb4cae68fc4b19be67f) Importer(815301076,1909f56bfc062723c751e8b465ee728b)  -> (artifact id: 'fdb64dae9dda057e262c38806d3c4c9d') in 0.031650 seconds 
========================================================================
Received Import Request.
  Time since last request: 9.229458 seconds.
  path: Assets/BayatGames/Free Platform Game Assets/Tiles/2D Tiles ( Update 1.9 )
  artifactKey: Guid(f24df406af5b44d4b93237a1564ea376) Importer(815301076,1909f56bfc062723c751e8b465ee728b)
Start importing Assets/BayatGames/Free Platform Game Assets/Tiles/2D Tiles ( Update 1.9 ) using Guid(f24df406af5b44d4b93237a1564ea376) Importer(815301076,1909f56bfc062723c751e8b465ee728b)  -> (artifact id: '8bae0560dff18e59b37e1a6e1f7a9a77') in 0.003751 seconds 
========================================================================
Received Import Request.
  Time since last request: 0.814856 seconds.
  path: Assets/BayatGames/Free Platform Game Assets/Tiles/2D Tiles ( Update 1.9 )/Spring
  artifactKey: Guid(4d5a8ea2a70ada34e96ea228a8b5f03b) Importer(815301076,1909f56bfc062723c751e8b465ee728b)
Start importing Assets/BayatGames/Free Platform Game Assets/Tiles/2D Tiles ( Update 1.9 )/Spring using Guid(4d5a8ea2a70ada34e96ea228a8b5f03b) Importer(815301076,1909f56bfc062723c751e8b465ee728b)  -> (artifact id: 'ccdb38b9f260f6ead9a4018ba10f452f') in 0.005337 seconds 
========================================================================
Received Import Request.
  Time since last request: 3.136286 seconds.
  path: Assets/BayatGames/Free Platform Game Assets/Tiles/2D Tiles ( Update 1.9 )/Spring/512x512
  artifactKey: Guid(32c9c938f179e344685c4d64cbeeaafd) Importer(815301076,1909f56bfc062723c751e8b465ee728b)
Start importing Assets/BayatGames/Free Platform Game Assets/Tiles/2D Tiles ( Update 1.9 )/Spring/512x512 using Guid(32c9c938f179e344685c4d64cbeeaafd) Importer(815301076,1909f56bfc062723c751e8b465ee728b)  -> (artifact id: '91bd5d4a2c7b5e09dd341c61f0207610') in 0.004555 seconds 
========================================================================
Received Import Request.
  Time since last request: 0.098105 seconds.
  path: Assets/BayatGames/Free Platform Game Assets/Tiles/2D Tiles ( Update 1.9 )/Spring/512x512/Grass.png
  artifactKey: Guid(6c3fb653efa2ebd429742dc664f8b159) Importer(815301076,1909f56bfc062723c751e8b465ee728b)
Start importing Assets/BayatGames/Free Platform Game Assets/Tiles/2D Tiles ( Update 1.9 )/Spring/512x512/Grass.png using Guid(6c3fb653efa2ebd429742dc664f8b159) Importer(815301076,1909f56bfc062723c751e8b465ee728b)  -> (artifact id: '244e412b33b36d53496fb0b9d1f07c15') in 0.082829 seconds 
========================================================================
Received Import Request.
  Time since last request: 0.000028 seconds.
  path: Assets/BayatGames/Free Platform Game Assets/Tiles/2D Tiles ( Update 1.9 )/Spring/512x512/GrassHillLeft2 DownShadow.png
  artifactKey: Guid(b33019b6cf651cf4abfaec45ffe44de5) Importer(815301076,1909f56bfc062723c751e8b465ee728b)
Start importing Assets/BayatGames/Free Platform Game Assets/Tiles/2D Tiles ( Update 1.9 )/Spring/512x512/GrassHillLeft2 DownShadow.png using Guid(b33019b6cf651cf4abfaec45ffe44de5) Importer(815301076,1909f56bfc062723c751e8b465ee728b)  -> (artifact id: 'e7b420fc5f550dd42c6e0df906570e38') in 0.031943 seconds 
========================================================================
Received Import Request.
  Time since last request: 0.000030 seconds.
  path: Assets/BayatGames/Free Platform Game Assets/Tiles/2D Tiles ( Update 1.9 )/Spring/512x512/GrassJoinHillLeft2 DownShadow.png
  artifactKey: Guid(41a0ef04fba499e40833b1a7f8cceff5) Importer(815301076,1909f56bfc062723c751e8b465ee728b)
Start importing Assets/BayatGames/Free Platform Game Assets/Tiles/2D Tiles ( Update 1.9 )/Spring/512x512/GrassJoinHillLeft2 DownShadow.png using Guid(41a0ef04fba499e40833b1a7f8cceff5) Importer(815301076,1909f56bfc062723c751e8b465ee728b)  -> (artifact id: '1fc4ea4978b760c49b71834cddd76285') in 0.030832 seconds 
========================================================================
Received Import Request.
  Time since last request: 0.000027 seconds.
  path: Assets/BayatGames/Free Platform Game Assets/Tiles/2D Tiles ( Update 1.9 )/Spring/512x512/GrassJoinHillLeft2.png
  artifactKey: Guid(2b1eed1b2eabc714fbdf60d46138a1d9) Importer(815301076,1909f56bfc062723c751e8b465ee728b)
Start importing Assets/BayatGames/Free Platform Game Assets/Tiles/2D Tiles ( Update 1.9 )/Spring/512x512/GrassJoinHillLeft2.png using Guid(2b1eed1b2eabc714fbdf60d46138a1d9) Importer(815301076,1909f56bfc062723c751e8b465ee728b)  -> (artifact id: '41a27bf7f76921f54e4ba91f1342f056') in 0.032335 seconds 
========================================================================
Received Import Request.
  Time since last request: 0.000030 seconds.
  path: Assets/BayatGames/Free Platform Game Assets/Tiles/2D Tiles ( Update 1.9 )/Spring/512x512/GrassHillLeft2.png
  artifactKey: Guid(090374c41fd51184e99c95d0acd9fcf9) Importer(815301076,1909f56bfc062723c751e8b465ee728b)
Start importing Assets/BayatGames/Free Platform Game Assets/Tiles/2D Tiles ( Update 1.9 )/Spring/512x512/GrassHillLeft2.png using Guid(090374c41fd51184e99c95d0acd9fcf9) Importer(815301076,1909f56bfc062723c751e8b465ee728b)  -> (artifact id: '7e6ec41a2d64d04dac5307378b2375dd') in 0.034318 seconds 
========================================================================
Received Import Request.
  Time since last request: 0.000023 seconds.
  path: Assets/BayatGames/Free Platform Game Assets/Tiles/2D Tiles ( Update 1.9 )/Spring/512x512/GrassHillLeft.png
  artifactKey: Guid(65464371f54811e4a83bd0a7586ac814) Importer(815301076,1909f56bfc062723c751e8b465ee728b)
Start importing Assets/BayatGames/Free Platform Game Assets/Tiles/2D Tiles ( Update 1.9 )/Spring/512x512/GrassHillLeft.png using Guid(65464371f54811e4a83bd0a7586ac814) Importer(815301076,1909f56bfc062723c751e8b465ee728b)  -> (artifact id: 'b435d32c8754fd578fd7eb48542f3e23') in 0.036311 seconds 
========================================================================
Received Import Request.
  Time since last request: 0.000033 seconds.
  path: Assets/BayatGames/Free Platform Game Assets/Tiles/2D Tiles ( Update 1.9 )/Spring/512x512/GrassHillRight2 DownShadow.png
  artifactKey: Guid(0a6568a3c44837a40aabdbb3d0d1d0be) Importer(815301076,1909f56bfc062723c751e8b465ee728b)
Start importing Assets/BayatGames/Free Platform Game Assets/Tiles/2D Tiles ( Update 1.9 )/Spring/512x512/GrassHillRight2 DownShadow.png using Guid(0a6568a3c44837a40aabdbb3d0d1d0be) Importer(815301076,1909f56bfc062723c751e8b465ee728b)  -> (artifact id: '1620de664ac02f1848effd8bed405e4e') in 0.035250 seconds 
========================================================================
Received Import Request.
  Time since last request: 0.000046 seconds.
  path: Assets/BayatGames/Free Platform Game Assets/Tiles/2D Tiles ( Update 1.9 )/Spring/512x512/GrassJoinHillLeft&Right.png
  artifactKey: Guid(2472304f5d64aa34c871ad70e2a3cc68) Importer(815301076,1909f56bfc062723c751e8b465ee728b)
Start importing Assets/BayatGames/Free Platform Game Assets/Tiles/2D Tiles ( Update 1.9 )/Spring/512x512/GrassJoinHillLeft&Right.png using Guid(2472304f5d64aa34c871ad70e2a3cc68) Importer(815301076,1909f56bfc062723c751e8b465ee728b)  -> (artifact id: '41f854a71d6f5a320b05231837d19083') in 0.034406 seconds 
========================================================================
Received Import Request.
  Time since last request: 0.000037 seconds.
  path: Assets/BayatGames/Free Platform Game Assets/Tiles/2D Tiles ( Update 1.9 )/Spring/512x512/GrassColumn.png
  artifactKey: Guid(902865741f3950e40b38146c23352bca) Importer(815301076,1909f56bfc062723c751e8b465ee728b)
Start importing Assets/BayatGames/Free Platform Game Assets/Tiles/2D Tiles ( Update 1.9 )/Spring/512x512/GrassColumn.png using Guid(902865741f3950e40b38146c23352bca) Importer(815301076,1909f56bfc062723c751e8b465ee728b)  -> (artifact id: 'b5ee775d3905c876fbc8ccd99eb9281a') in 0.032362 seconds 
========================================================================
Received Import Request.
  Time since last request: 0.000082 seconds.
  path: Assets/BayatGames/Free Platform Game Assets/Tiles/2D Tiles ( Update 1.9 )/Spring/512x512/GrassRight.png
  artifactKey: Guid(2ad8cca6891ea674ebe8fe6194017093) Importer(815301076,1909f56bfc062723c751e8b465ee728b)
Start importing Assets/BayatGames/Free Platform Game Assets/Tiles/2D Tiles ( Update 1.9 )/Spring/512x512/GrassRight.png using Guid(2ad8cca6891ea674ebe8fe6194017093) Importer(815301076,1909f56bfc062723c751e8b465ee728b)  -> (artifact id: '730ef08e75e12f1e7c27df6cd032efc8') in 0.033960 seconds 
========================================================================
Received Import Request.
  Time since last request: 0.000110 seconds.
  path: Assets/BayatGames/Free Platform Game Assets/Tiles/2D Tiles ( Update 1.9 )/Spring/512x512/GrassJoinHillRight2&Left2 DownShadow.png
  artifactKey: Guid(3063ecdfe31430347916848748a320fe) Importer(815301076,1909f56bfc062723c751e8b465ee728b)
Start importing Assets/BayatGames/Free Platform Game Assets/Tiles/2D Tiles ( Update 1.9 )/Spring/512x512/GrassJoinHillRight2&Left2 DownShadow.png using Guid(3063ecdfe31430347916848748a320fe) Importer(815301076,1909f56bfc062723c751e8b465ee728b)  -> (artifact id: 'd3b497ccf11aba1739733f75742a89bf') in 0.035414 seconds 
========================================================================
Received Import Request.
  Time since last request: 14.259628 seconds.
  path: Assets/BayatGames/Free Platform Game Assets/Coin Animation
  artifactKey: Guid(55d7f2332d2f0c841856191e36860e84) Importer(815301076,1909f56bfc062723c751e8b465ee728b)
Start importing Assets/BayatGames/Free Platform Game Assets/Coin Animation using Guid(55d7f2332d2f0c841856191e36860e84) Importer(815301076,1909f56bfc062723c751e8b465ee728b)  -> (artifact id: '911f1a4cc958c481101a938d1e147548') in 0.003907 seconds 
========================================================================
Received Import Request.
  Time since last request: 1.314988 seconds.
  path: Assets/BayatGames/Free Platform Game Assets/Coin Animation/Coin Animation.swf
  artifactKey: Guid(f6cfd25109c241041b1ed656af2ad4e6) Importer(815301076,1909f56bfc062723c751e8b465ee728b)
Start importing Assets/BayatGames/Free Platform Game Assets/Coin Animation/Coin Animation.swf using Guid(f6cfd25109c241041b1ed656af2ad4e6) Importer(815301076,1909f56bfc062723c751e8b465ee728b)  -> (artifact id: '7d47d7e3eda7b0a6b80d8ee9aa75adc3') in 0.006121 seconds 
========================================================================
Received Import Request.
  Time since last request: 2.430639 seconds.
  path: Assets/BayatGames/Free Platform Game Assets/Coin Animation/eps
  artifactKey: Guid(31f9f89df5971444fbdf3a73973bd8fd) Importer(815301076,1909f56bfc062723c751e8b465ee728b)
Start importing Assets/BayatGames/Free Platform Game Assets/Coin Animation/eps using Guid(31f9f89df5971444fbdf3a73973bd8fd) Importer(815301076,1909f56bfc062723c751e8b465ee728b)  -> (artifact id: '5053acdf2a3a540f19d46f8cd0ab1775') in 0.003477 seconds 
========================================================================
Received Import Request.
  Time since last request: 0.576971 seconds.
  path: Assets/BayatGames/Free Platform Game Assets/Coin Animation/png
  artifactKey: Guid(a7a5600ac1dc69e4baf5c1fa2d2f95c5) Importer(815301076,1909f56bfc062723c751e8b465ee728b)
Start importing Assets/BayatGames/Free Platform Game Assets/Coin Animation/png using Guid(a7a5600ac1dc69e4baf5c1fa2d2f95c5) Importer(815301076,1909f56bfc062723c751e8b465ee728b)  -> (artifact id: 'c346a3ae470ff5b4e9225fc06f172aed') in 0.004481 seconds 
========================================================================
Received Import Request.
  Time since last request: 0.102535 seconds.
  path: Assets/BayatGames/Free Platform Game Assets/Coin Animation/png/1024x128.png
  artifactKey: Guid(27fbd349247c8dc46a3112ada3a53fc7) Importer(815301076,1909f56bfc062723c751e8b465ee728b)
Start importing Assets/BayatGames/Free Platform Game Assets/Coin Animation/png/1024x128.png using Guid(27fbd349247c8dc46a3112ada3a53fc7) Importer(815301076,1909f56bfc062723c751e8b465ee728b)  -> (artifact id: '23701f6951e3a4e31cb5735d2bea67b3') in 0.034792 seconds 
========================================================================
Received Import Request.
  Time since last request: 79.965645 seconds.
  path: Assets/Materials/monito.mat
  artifactKey: Guid(7e8f6464ac64fd4469f6eaa35780e159) Importer(815301076,1909f56bfc062723c751e8b465ee728b)
Start importing Assets/Materials/monito.mat using Guid(7e8f6464ac64fd4469f6eaa35780e159) Importer(815301076,1909f56bfc062723c751e8b465ee728b)  -> (artifact id: '3c0ae55cd0c4b8e9e91cec3018d47021') in 0.063442 seconds 
========================================================================
Received Import Request.
  Time since last request: 174.077522 seconds.
  path: Assets/Prefabs
  artifactKey: Guid(1aefde828dbd31b4790fae7d8477be6f) Importer(815301076,1909f56bfc062723c751e8b465ee728b)
Start importing Assets/Prefabs using Guid(1aefde828dbd31b4790fae7d8477be6f) Importer(815301076,1909f56bfc062723c751e8b465ee728b)  -> (artifact id: '3e512670eeb10c078d63bd6429832840') in 0.003337 seconds 
========================================================================
Received Import Request.
  Time since last request: 5.703230 seconds.
  path: Assets/Prefabs/monito.prefab
  artifactKey: Guid(9108258cfbc6ccd4aa81651feedb8228) Importer(815301076,1909f56bfc062723c751e8b465ee728b)
Start importing Assets/Prefabs/monito.prefab using Guid(9108258cfbc6ccd4aa81651feedb8228) Importer(815301076,1909f56bfc062723c751e8b465ee728b)  -> (artifact id: 'a46b667dd17c9d3dbc18a69871cffdf5') in 0.027247 seconds 
========================================================================
Received Import Request.
  Time since last request: 26.733688 seconds.
  path: Assets/Prefabs/monito.prefab
  artifactKey: Guid(9108258cfbc6ccd4aa81651feedb8228) Importer(815301076,1909f56bfc062723c751e8b465ee728b)
Start importing Assets/Prefabs/monito.prefab using Guid(9108258cfbc6ccd4aa81651feedb8228) Importer(815301076,1909f56bfc062723c751e8b465ee728b)  -> (artifact id: 'ca0f2d3dba782971c968fc9802f8900b') in 0.016410 seconds 
========================================================================
Received Import Request.
  Time since last request: 15.865294 seconds.
  path: Assets/Prefabs/monito.prefab
  artifactKey: Guid(9108258cfbc6ccd4aa81651feedb8228) Importer(815301076,1909f56bfc062723c751e8b465ee728b)
Start importing Assets/Prefabs/monito.prefab using Guid(9108258cfbc6ccd4aa81651feedb8228) Importer(815301076,1909f56bfc062723c751e8b465ee728b)  -> (artifact id: 'b3d8703e8cf14ea304186e883edff9bd') in 0.011334 seconds 
========================================================================
Received Import Request.
  Time since last request: 2.414427 seconds.
  path: Assets/Prefabs/monito.prefab
  artifactKey: Guid(9108258cfbc6ccd4aa81651feedb8228) Importer(815301076,1909f56bfc062723c751e8b465ee728b)
Start importing Assets/Prefabs/monito.prefab using Guid(9108258cfbc6ccd4aa81651feedb8228) Importer(815301076,1909f56bfc062723c751e8b465ee728b)  -> (artifact id: 'ec9e20fd7ed8c4784746fea31896ae32') in 0.015088 seconds 
========================================================================
Received Import Request.
  Time since last request: 12.115320 seconds.
  path: Assets/Prefabs/monito.prefab
  artifactKey: Guid(9108258cfbc6ccd4aa81651feedb8228) Importer(815301076,1909f56bfc062723c751e8b465ee728b)
Start importing Assets/Prefabs/monito.prefab using Guid(9108258cfbc6ccd4aa81651feedb8228) Importer(815301076,1909f56bfc062723c751e8b465ee728b)  -> (artifact id: '56ad96bf1c81452e37167ddd9e1b6cf5') in 0.014081 seconds 
========================================================================
Received Import Request.
  Time since last request: 13.746605 seconds.
  path: Assets/Prefabs/monito.prefab
  artifactKey: Guid(9108258cfbc6ccd4aa81651feedb8228) Importer(815301076,1909f56bfc062723c751e8b465ee728b)
Start importing Assets/Prefabs/monito.prefab using Guid(9108258cfbc6ccd4aa81651feedb8228) Importer(815301076,1909f56bfc062723c751e8b465ee728b)  -> (artifact id: '7baf89289d3625569a52558f7ae92320') in 0.008933 seconds 
========================================================================
Received Import Request.
  Time since last request: 16.793205 seconds.
  path: Assets/Prefabs/monito.prefab
  artifactKey: Guid(9108258cfbc6ccd4aa81651feedb8228) Importer(815301076,1909f56bfc062723c751e8b465ee728b)
Start importing Assets/Prefabs/monito.prefab using Guid(9108258cfbc6ccd4aa81651feedb8228) Importer(815301076,1909f56bfc062723c751e8b465ee728b)  -> (artifact id: '8cad74782f46c5466079ae3e7ed91311') in 0.010511 seconds 
========================================================================
Received Import Request.
  Time since last request: 4.827122 seconds.
  path: Assets/Prefabs/monito.prefab
  artifactKey: Guid(9108258cfbc6ccd4aa81651feedb8228) Importer(815301076,1909f56bfc062723c751e8b465ee728b)
Start importing Assets/Prefabs/monito.prefab using Guid(9108258cfbc6ccd4aa81651feedb8228) Importer(815301076,1909f56bfc062723c751e8b465ee728b)  -> (artifact id: 'ce298dfd3467b1f4d1abae68949216b9') in 0.012938 seconds 
========================================================================
Received Import Request.
  Time since last request: 7.453887 seconds.
  path: Assets/Prefabs/monito.prefab
  artifactKey: Guid(9108258cfbc6ccd4aa81651feedb8228) Importer(815301076,1909f56bfc062723c751e8b465ee728b)
Start importing Assets/Prefabs/monito.prefab using Guid(9108258cfbc6ccd4aa81651feedb8228) Importer(815301076,1909f56bfc062723c751e8b465ee728b)  -> (artifact id: '6ef6995c9b49b1ea24c5aab350216bb1') in 0.011355 seconds 
========================================================================
Received Import Request.
  Time since last request: 6.644337 seconds.
  path: Assets/Prefabs/monito.prefab
  artifactKey: Guid(9108258cfbc6ccd4aa81651feedb8228) Importer(815301076,1909f56bfc062723c751e8b465ee728b)
Start importing Assets/Prefabs/monito.prefab using Guid(9108258cfbc6ccd4aa81651feedb8228) Importer(815301076,1909f56bfc062723c751e8b465ee728b)  -> (artifact id: 'a0356bded3ba8548e14949edc3c80daf') in 0.010738 seconds 
========================================================================
Received Import Request.
  Time since last request: 8.855113 seconds.
  path: Assets/Prefabs/monito.prefab
  artifactKey: Guid(9108258cfbc6ccd4aa81651feedb8228) Importer(815301076,1909f56bfc062723c751e8b465ee728b)
Start importing Assets/Prefabs/monito.prefab using Guid(9108258cfbc6ccd4aa81651feedb8228) Importer(815301076,1909f56bfc062723c751e8b465ee728b)  -> (artifact id: 'ad411c5ffc25b2f6cb38c5ea9340415d') in 0.012565 seconds 
========================================================================
Received Import Request.
  Time since last request: 8.459051 seconds.
  path: Assets/Prefabs/monito.prefab
  artifactKey: Guid(9108258cfbc6ccd4aa81651feedb8228) Importer(815301076,1909f56bfc062723c751e8b465ee728b)
Start importing Assets/Prefabs/monito.prefab using Guid(9108258cfbc6ccd4aa81651feedb8228) Importer(815301076,1909f56bfc062723c751e8b465ee728b)  -> (artifact id: '9e794c511f7ae9816c99717cf163e48e') in 0.009650 seconds 
========================================================================
Received Import Request.
  Time since last request: 4.645182 seconds.
  path: Assets/Prefabs/monito.prefab
  artifactKey: Guid(9108258cfbc6ccd4aa81651feedb8228) Importer(815301076,1909f56bfc062723c751e8b465ee728b)
Start importing Assets/Prefabs/monito.prefab using Guid(9108258cfbc6ccd4aa81651feedb8228) Importer(815301076,1909f56bfc062723c751e8b465ee728b)  -> (artifact id: 'aeac6f5a3c62e033115ce26469de2d85') in 0.011236 seconds 
========================================================================
Received Import Request.
  Time since last request: 3.600971 seconds.
  path: Assets/Prefabs/monito.prefab
  artifactKey: Guid(9108258cfbc6ccd4aa81651feedb8228) Importer(815301076,1909f56bfc062723c751e8b465ee728b)
Start importing Assets/Prefabs/monito.prefab using Guid(9108258cfbc6ccd4aa81651feedb8228) Importer(815301076,1909f56bfc062723c751e8b465ee728b)  -> (artifact id: '654a6b053871e165d76391da3e2ddfc8') in 0.011305 seconds 
========================================================================
Received Import Request.
  Time since last request: 3.021833 seconds.
  path: Assets/Prefabs/monito.prefab
  artifactKey: Guid(9108258cfbc6ccd4aa81651feedb8228) Importer(815301076,1909f56bfc062723c751e8b465ee728b)
Start importing Assets/Prefabs/monito.prefab using Guid(9108258cfbc6ccd4aa81651feedb8228) Importer(815301076,1909f56bfc062723c751e8b465ee728b)  -> (artifact id: 'a72e6477260718fa7c18ae06032cb08e') in 0.010879 seconds 
========================================================================
Received Import Request.
  Time since last request: 9.060747 seconds.
  path: Assets/Prefabs/monito.prefab
  artifactKey: Guid(9108258cfbc6ccd4aa81651feedb8228) Importer(815301076,1909f56bfc062723c751e8b465ee728b)
Start importing Assets/Prefabs/monito.prefab using Guid(9108258cfbc6ccd4aa81651feedb8228) Importer(815301076,1909f56bfc062723c751e8b465ee728b)  -> (artifact id: '7f3ab3bd36614b5991c3d50bec63210b') in 0.011455 seconds 
========================================================================
Received Import Request.
  Time since last request: 13.922111 seconds.
  path: Assets/Prefabs/monito.prefab
  artifactKey: Guid(9108258cfbc6ccd4aa81651feedb8228) Importer(815301076,1909f56bfc062723c751e8b465ee728b)
Start importing Assets/Prefabs/monito.prefab using Guid(9108258cfbc6ccd4aa81651feedb8228) Importer(815301076,1909f56bfc062723c751e8b465ee728b)  -> (artifact id: 'b6c7cc21d2f6f6fe9a7a78f67025a39a') in 0.012320 seconds 
========================================================================
Received Import Request.
  Time since last request: 12.497722 seconds.
  path: Assets/Prefabs/monito.prefab
  artifactKey: Guid(9108258cfbc6ccd4aa81651feedb8228) Importer(815301076,1909f56bfc062723c751e8b465ee728b)
Start importing Assets/Prefabs/monito.prefab using Guid(9108258cfbc6ccd4aa81651feedb8228) Importer(815301076,1909f56bfc062723c751e8b465ee728b)  -> (artifact id: 'cbc168afef1ffe011ee437445bcefb70') in 0.012946 seconds 
========================================================================
Received Import Request.
  Time since last request: 6.228843 seconds.
  path: Assets/Prefabs/monito.prefab
  artifactKey: Guid(9108258cfbc6ccd4aa81651feedb8228) Importer(815301076,1909f56bfc062723c751e8b465ee728b)
Start importing Assets/Prefabs/monito.prefab using Guid(9108258cfbc6ccd4aa81651feedb8228) Importer(815301076,1909f56bfc062723c751e8b465ee728b)  -> (artifact id: '95003e3e78483d9b0e2a01c7d3e13bf0') in 0.010557 seconds 
========================================================================
Received Import Request.
  Time since last request: 5.841649 seconds.
  path: Assets/Prefabs/monito.prefab
  artifactKey: Guid(9108258cfbc6ccd4aa81651feedb8228) Importer(815301076,1909f56bfc062723c751e8b465ee728b)
Start importing Assets/Prefabs/monito.prefab using Guid(9108258cfbc6ccd4aa81651feedb8228) Importer(815301076,1909f56bfc062723c751e8b465ee728b)  -> (artifact id: '3268054b8f69cc6fc6880454a03e78fb') in 0.011765 seconds 
========================================================================
Received Import Request.
  Time since last request: 3.009325 seconds.
  path: Assets/Prefabs/monito.prefab
  artifactKey: Guid(9108258cfbc6ccd4aa81651feedb8228) Importer(815301076,1909f56bfc062723c751e8b465ee728b)
Start importing Assets/Prefabs/monito.prefab using Guid(9108258cfbc6ccd4aa81651feedb8228) Importer(815301076,1909f56bfc062723c751e8b465ee728b)  -> (artifact id: '4343a516af65e3c23a4a209533837ac4') in 0.010062 seconds 
========================================================================
Received Import Request.
  Time since last request: 7.458596 seconds.
  path: Assets/Prefabs/monito.prefab
  artifactKey: Guid(9108258cfbc6ccd4aa81651feedb8228) Importer(815301076,1909f56bfc062723c751e8b465ee728b)
Start importing Assets/Prefabs/monito.prefab using Guid(9108258cfbc6ccd4aa81651feedb8228) Importer(815301076,1909f56bfc062723c751e8b465ee728b)  -> (artifact id: '460ba795821d79b5331f64d85882e3e6') in 0.012561 seconds 
========================================================================
Received Import Request.
  Time since last request: 2.617857 seconds.
  path: Assets/Prefabs/monito.prefab
  artifactKey: Guid(9108258cfbc6ccd4aa81651feedb8228) Importer(815301076,1909f56bfc062723c751e8b465ee728b)
Start importing Assets/Prefabs/monito.prefab using Guid(9108258cfbc6ccd4aa81651feedb8228) Importer(815301076,1909f56bfc062723c751e8b465ee728b)  -> (artifact id: 'b4cb6eacd764d55279278c27d8f9be82') in 0.012922 seconds 
========================================================================
Received Import Request.
  Time since last request: 2.388061 seconds.
  path: Assets/Prefabs/monito.prefab
  artifactKey: Guid(9108258cfbc6ccd4aa81651feedb8228) Importer(815301076,1909f56bfc062723c751e8b465ee728b)
Start importing Assets/Prefabs/monito.prefab using Guid(9108258cfbc6ccd4aa81651feedb8228) Importer(815301076,1909f56bfc062723c751e8b465ee728b)  -> (artifact id: 'd0cc7e95869916f8244f441bf090d66e') in 0.010281 seconds 
========================================================================
Received Prepare
Registering precompiled user dll's ...
Registered in 0.009021 seconds.
Begin MonoManager ReloadAssembly
Symbol file LoadedFromMemory doesn't match image C:\Users\Rosaa\OneDrive\Documentos\UTCH\10 Cuatri\Videojuegos\JuegoIndividual\Library\PackageCache\com.unity.visualscripting@1.7.8\Editor\VisualScripting.Core\Dependencies\YamlDotNet\Unity.VisualScripting.YamlDotNet.dll
Symbol file LoadedFromMemory doesn't match image C:\Users\Rosaa\OneDrive\Documentos\UTCH\10 Cuatri\Videojuegos\JuegoIndividual\Library\PackageCache\com.unity.visualscripting@1.7.8\Editor\VisualScripting.Core\Dependencies\DotNetZip\Unity.VisualScripting.IonicZip.dll
Native extension for WindowsStandalone target not found
Native extension for WebGL target not found
Refreshing native plugins compatible for Editor in 0.82 ms, found 3 plugins.
Preloading 0 native plugins for Editor in 0.00 ms.
Mono: successfully reloaded assembly
- Completed reload, in  1.598 seconds
Domain Reload Profiling:
	ReloadAssembly (1599ms)
		BeginReloadAssembly (221ms)
			ExecutionOrderSort (0ms)
			DisableScriptedObjects (6ms)
			BackupInstance (0ms)
			ReleaseScriptingObjects (0ms)
			CreateAndSetChildDomain (62ms)
		EndReloadAssembly (1197ms)
			LoadAssemblies (153ms)
			RebuildTransferFunctionScriptingTraits (0ms)
			SetupTypeCache (419ms)
			ReleaseScriptCaches (2ms)
			RebuildScriptCaches (61ms)
			SetupLoadedEditorAssemblies (519ms)
				LogAssemblyErrors (0ms)
				InitializePlatformSupportModulesInManaged (20ms)
				SetLoadedEditorAssemblies (1ms)
				RefreshPlugins (1ms)
				BeforeProcessingInitializeOnLoad (99ms)
				ProcessInitializeOnLoadAttributes (345ms)
				ProcessInitializeOnLoadMethodAttributes (43ms)
				AfterProcessingInitializeOnLoad (11ms)
				EditorAssembliesLoaded (0ms)
			ExecutionOrderSort2 (0ms)
			AwakeInstancesAfterBackupRestoration (8ms)
Platform modules already initialized, skipping
Refreshing native plugins compatible for Editor in 3.62 ms, found 3 plugins.
Preloading 0 native plugins for Editor in 0.00 ms.
Unloading 3523 Unused Serialized files (Serialized files now loaded: 0)
Unloading 21 unused Assets / (148.9 KB). Loaded Objects now: 4069.
Memory consumption went from 129.7 MB to 129.5 MB.
Total: 5.413100 ms (FindLiveObjects: 0.392800 ms CreateObjectMapping: 0.237400 ms MarkObjects: 4.549400 ms  DeleteObjects: 0.231500 ms)

AssetImportParameters requested are different than current active one (requested -> active):
  custom:video-decoder-ogg-theora: a1e56fd34408186e4bbccfd4996cb3dc -> 
  custom:container-muxer-webm: aa71ff27fc2769a1b78a27578f13a17b -> 
  custom:container-demuxer-webm: 4f35f7cbe854078d1ac9338744f61a02 -> 
  custom:video-encoder-webm-vp8: eb34c28f22e8b96e1ab97ce403110664 -> 
  custom:video-codec-MediaFoundation-h265: 746d11721c4dcdbdad8f713fa42b33f4 -> 
  custom:audio-encoder-webm-vorbis: bf7c407c2cedff20999df2af8eb42d56 -> 
  custom:framework-win-MediaFoundation: 216162199b28c13a410421893ffa2e32 -> 
  custom:container-demuxer-ogg: 62fdf1f143b41e24485cea50d1cbac27 -> 
  custom:video-decoder-webm-vp8: 9c59270c3fd7afecdb556c50c9e8de78 -> 
  custom:audio-decoder-ogg-vorbis: bf7c407c2cedff20999df2af8eb42d56 -> 
========================================================================
Received Import Request.
  Time since last request: 151.679810 seconds.
  path: Assets/Prefabs/monito.prefab
  artifactKey: Guid(9108258cfbc6ccd4aa81651feedb8228) Importer(815301076,1909f56bfc062723c751e8b465ee728b)
Start importing Assets/Prefabs/monito.prefab using Guid(9108258cfbc6ccd4aa81651feedb8228) Importer(815301076,1909f56bfc062723c751e8b465ee728b)  -> (artifact id: 'e4ef0b2c1ebca14a1304347b0e4f0dcf') in 0.138740 seconds 
========================================================================
Received Import Request.
  Time since last request: 9.417000 seconds.
  path: Assets/Prefabs/monito.prefab
  artifactKey: Guid(9108258cfbc6ccd4aa81651feedb8228) Importer(815301076,1909f56bfc062723c751e8b465ee728b)
Start importing Assets/Prefabs/monito.prefab using Guid(9108258cfbc6ccd4aa81651feedb8228) Importer(815301076,1909f56bfc062723c751e8b465ee728b)  -> (artifact id: 'e93590e8ab534287e12a756a650c2b9e') in 0.015868 seconds 
========================================================================
Received Import Request.
  Time since last request: 944.482199 seconds.
  path: Assets/Scripts/Movimiento.cs
  artifactKey: Guid(12f79d29e2c50464fab932b505a2ad56) Importer(815301076,1909f56bfc062723c751e8b465ee728b)
Start importing Assets/Scripts/Movimiento.cs using Guid(12f79d29e2c50464fab932b505a2ad56) Importer(815301076,1909f56bfc062723c751e8b465ee728b)  -> (artifact id: '21a2691557255cd4beadde528274976a') in 0.017605 seconds 
========================================================================
Received Prepare
Registering precompiled user dll's ...
Registered in 0.007505 seconds.
Begin MonoManager ReloadAssembly
Symbol file LoadedFromMemory doesn't match image C:\Users\Rosaa\OneDrive\Documentos\UTCH\10 Cuatri\Videojuegos\JuegoIndividual\Library\PackageCache\com.unity.visualscripting@1.7.8\Editor\VisualScripting.Core\Dependencies\YamlDotNet\Unity.VisualScripting.YamlDotNet.dll
Symbol file LoadedFromMemory doesn't match image C:\Users\Rosaa\OneDrive\Documentos\UTCH\10 Cuatri\Videojuegos\JuegoIndividual\Library\PackageCache\com.unity.visualscripting@1.7.8\Editor\VisualScripting.Core\Dependencies\DotNetZip\Unity.VisualScripting.IonicZip.dll
Native extension for WindowsStandalone target not found
Native extension for WebGL target not found
Refreshing native plugins compatible for Editor in 0.58 ms, found 3 plugins.
Preloading 0 native plugins for Editor in 0.00 ms.
Mono: successfully reloaded assembly
- Completed reload, in  1.942 seconds
Domain Reload Profiling:
	ReloadAssembly (1946ms)
		BeginReloadAssembly (631ms)
			ExecutionOrderSort (0ms)
			DisableScriptedObjects (34ms)
			BackupInstance (0ms)
			ReleaseScriptingObjects (0ms)
			CreateAndSetChildDomain (320ms)
		EndReloadAssembly (1170ms)
			LoadAssemblies (140ms)
			RebuildTransferFunctionScriptingTraits (0ms)
			SetupTypeCache (392ms)
			ReleaseScriptCaches (2ms)
			RebuildScriptCaches (63ms)
			SetupLoadedEditorAssemblies (540ms)
				LogAssemblyErrors (0ms)
				InitializePlatformSupportModulesInManaged (18ms)
				SetLoadedEditorAssemblies (1ms)
				RefreshPlugins (1ms)
				BeforeProcessingInitializeOnLoad (110ms)
				ProcessInitializeOnLoadAttributes (361ms)
				ProcessInitializeOnLoadMethodAttributes (39ms)
				AfterProcessingInitializeOnLoad (9ms)
				EditorAssembliesLoaded (0ms)
			ExecutionOrderSort2 (0ms)
			AwakeInstancesAfterBackupRestoration (8ms)
Platform modules already initialized, skipping
Refreshing native plugins compatible for Editor in 4.12 ms, found 3 plugins.
Preloading 0 native plugins for Editor in 0.00 ms.
Unloading 3523 Unused Serialized files (Serialized files now loaded: 0)
Unloading 21 unused Assets / (149.0 KB). Loaded Objects now: 4084.
Memory consumption went from 129.7 MB to 129.5 MB.
Total: 4.827200 ms (FindLiveObjects: 0.484900 ms CreateObjectMapping: 0.326100 ms MarkObjects: 3.869900 ms  DeleteObjects: 0.144900 ms)

AssetImportParameters requested are different than current active one (requested -> active):
  custom:video-decoder-ogg-theora: a1e56fd34408186e4bbccfd4996cb3dc -> 
  custom:container-muxer-webm: aa71ff27fc2769a1b78a27578f13a17b -> 
  custom:container-demuxer-webm: 4f35f7cbe854078d1ac9338744f61a02 -> 
  custom:video-encoder-webm-vp8: eb34c28f22e8b96e1ab97ce403110664 -> 
  custom:video-codec-MediaFoundation-h265: 746d11721c4dcdbdad8f713fa42b33f4 -> 
  custom:audio-encoder-webm-vorbis: bf7c407c2cedff20999df2af8eb42d56 -> 
  custom:framework-win-MediaFoundation: 216162199b28c13a410421893ffa2e32 -> 
  custom:container-demuxer-ogg: 62fdf1f143b41e24485cea50d1cbac27 -> 
  custom:video-decoder-webm-vp8: 9c59270c3fd7afecdb556c50c9e8de78 -> 
  custom:audio-decoder-ogg-vorbis: bf7c407c2cedff20999df2af8eb42d56 -> 
========================================================================
Received Prepare
Registering precompiled user dll's ...
Registered in 0.008037 seconds.
Begin MonoManager ReloadAssembly
Symbol file LoadedFromMemory doesn't match image C:\Users\Rosaa\OneDrive\Documentos\UTCH\10 Cuatri\Videojuegos\JuegoIndividual\Library\PackageCache\com.unity.visualscripting@1.7.8\Editor\VisualScripting.Core\Dependencies\YamlDotNet\Unity.VisualScripting.YamlDotNet.dll
Symbol file LoadedFromMemory doesn't match image C:\Users\Rosaa\OneDrive\Documentos\UTCH\10 Cuatri\Videojuegos\JuegoIndividual\Library\PackageCache\com.unity.visualscripting@1.7.8\Editor\VisualScripting.Core\Dependencies\DotNetZip\Unity.VisualScripting.IonicZip.dll
Native extension for WindowsStandalone target not found
Native extension for WebGL target not found
Refreshing native plugins compatible for Editor in 0.96 ms, found 3 plugins.
Preloading 0 native plugins for Editor in 0.00 ms.
Mono: successfully reloaded assembly
- Completed reload, in  1.612 seconds
Domain Reload Profiling:
	ReloadAssembly (1613ms)
		BeginReloadAssembly (171ms)
			ExecutionOrderSort (0ms)
			DisableScriptedObjects (5ms)
			BackupInstance (0ms)
			ReleaseScriptingObjects (0ms)
			CreateAndSetChildDomain (44ms)
		EndReloadAssembly (1259ms)
			LoadAssemblies (140ms)
			RebuildTransferFunctionScriptingTraits (0ms)
			SetupTypeCache (409ms)
			ReleaseScriptCaches (2ms)
			RebuildScriptCaches (81ms)
			SetupLoadedEditorAssemblies (566ms)
				LogAssemblyErrors (0ms)
				InitializePlatformSupportModulesInManaged (35ms)
				SetLoadedEditorAssemblies (1ms)
				RefreshPlugins (1ms)
				BeforeProcessingInitializeOnLoad (115ms)
				ProcessInitializeOnLoadAttributes (360ms)
				ProcessInitializeOnLoadMethodAttributes (43ms)
				AfterProcessingInitializeOnLoad (10ms)
				EditorAssembliesLoaded (0ms)
			ExecutionOrderSort2 (0ms)
			AwakeInstancesAfterBackupRestoration (9ms)
Platform modules already initialized, skipping
Refreshing native plugins compatible for Editor in 2.86 ms, found 3 plugins.
Preloading 0 native plugins for Editor in 0.00 ms.
Unloading 3523 Unused Serialized files (Serialized files now loaded: 0)
Unloading 21 unused Assets / (148.9 KB). Loaded Objects now: 4099.
Memory consumption went from 129.7 MB to 129.6 MB.
Total: 3.462600 ms (FindLiveObjects: 0.312400 ms CreateObjectMapping: 0.164200 ms MarkObjects: 2.851900 ms  DeleteObjects: 0.132900 ms)

AssetImportParameters requested are different than current active one (requested -> active):
  custom:video-decoder-ogg-theora: a1e56fd34408186e4bbccfd4996cb3dc -> 
  custom:container-muxer-webm: aa71ff27fc2769a1b78a27578f13a17b -> 
  custom:container-demuxer-webm: 4f35f7cbe854078d1ac9338744f61a02 -> 
  custom:video-encoder-webm-vp8: eb34c28f22e8b96e1ab97ce403110664 -> 
  custom:video-codec-MediaFoundation-h265: 746d11721c4dcdbdad8f713fa42b33f4 -> 
  custom:audio-encoder-webm-vorbis: bf7c407c2cedff20999df2af8eb42d56 -> 
  custom:framework-win-MediaFoundation: 216162199b28c13a410421893ffa2e32 -> 
  custom:container-demuxer-ogg: 62fdf1f143b41e24485cea50d1cbac27 -> 
  custom:video-decoder-webm-vp8: 9c59270c3fd7afecdb556c50c9e8de78 -> 
  custom:audio-decoder-ogg-vorbis: bf7c407c2cedff20999df2af8eb42d56 -> 
========================================================================
Received Prepare
Registering precompiled user dll's ...
Registered in 0.007591 seconds.
Begin MonoManager ReloadAssembly
Symbol file LoadedFromMemory doesn't match image C:\Users\Rosaa\OneDrive\Documentos\UTCH\10 Cuatri\Videojuegos\JuegoIndividual\Library\PackageCache\com.unity.visualscripting@1.7.8\Editor\VisualScripting.Core\Dependencies\YamlDotNet\Unity.VisualScripting.YamlDotNet.dll
Symbol file LoadedFromMemory doesn't match image C:\Users\Rosaa\OneDrive\Documentos\UTCH\10 Cuatri\Videojuegos\JuegoIndividual\Library\PackageCache\com.unity.visualscripting@1.7.8\Editor\VisualScripting.Core\Dependencies\DotNetZip\Unity.VisualScripting.IonicZip.dll
Native extension for WindowsStandalone target not found
Native extension for WebGL target not found
Refreshing native plugins compatible for Editor in 0.78 ms, found 3 plugins.
Preloading 0 native plugins for Editor in 0.00 ms.
Mono: successfully reloaded assembly
- Completed reload, in  1.620 seconds
Domain Reload Profiling:
	ReloadAssembly (1621ms)
		BeginReloadAssembly (194ms)
			ExecutionOrderSort (0ms)
			DisableScriptedObjects (4ms)
			BackupInstance (0ms)
			ReleaseScriptingObjects (0ms)
			CreateAndSetChildDomain (49ms)
		EndReloadAssembly (1304ms)
			LoadAssemblies (105ms)
			RebuildTransferFunctionScriptingTraits (0ms)
			SetupTypeCache (436ms)
			ReleaseScriptCaches (2ms)
			RebuildScriptCaches (123ms)
			SetupLoadedEditorAssemblies (501ms)
				LogAssemblyErrors (0ms)
				InitializePlatformSupportModulesInManaged (24ms)
				SetLoadedEditorAssemblies (0ms)
				RefreshPlugins (1ms)
				BeforeProcessingInitializeOnLoad (87ms)
				ProcessInitializeOnLoadAttributes (336ms)
				ProcessInitializeOnLoadMethodAttributes (41ms)
				AfterProcessingInitializeOnLoad (10ms)
				EditorAssembliesLoaded (0ms)
			ExecutionOrderSort2 (0ms)
			AwakeInstancesAfterBackupRestoration (8ms)
Platform modules already initialized, skipping
Refreshing native plugins compatible for Editor in 2.26 ms, found 3 plugins.
Preloading 0 native plugins for Editor in 0.00 ms.
Unloading 3523 Unused Serialized files (Serialized files now loaded: 0)
Unloading 21 unused Assets / (148.9 KB). Loaded Objects now: 4114.
Memory consumption went from 129.7 MB to 129.6 MB.
Total: 3.634600 ms (FindLiveObjects: 0.385400 ms CreateObjectMapping: 0.310700 ms MarkObjects: 2.830900 ms  DeleteObjects: 0.106700 ms)

AssetImportParameters requested are different than current active one (requested -> active):
  custom:video-decoder-ogg-theora: a1e56fd34408186e4bbccfd4996cb3dc -> 
  custom:container-muxer-webm: aa71ff27fc2769a1b78a27578f13a17b -> 
  custom:container-demuxer-webm: 4f35f7cbe854078d1ac9338744f61a02 -> 
  custom:video-encoder-webm-vp8: eb34c28f22e8b96e1ab97ce403110664 -> 
  custom:video-codec-MediaFoundation-h265: 746d11721c4dcdbdad8f713fa42b33f4 -> 
  custom:audio-encoder-webm-vorbis: bf7c407c2cedff20999df2af8eb42d56 -> 
  custom:framework-win-MediaFoundation: 216162199b28c13a410421893ffa2e32 -> 
  custom:container-demuxer-ogg: 62fdf1f143b41e24485cea50d1cbac27 -> 
  custom:video-decoder-webm-vp8: 9c59270c3fd7afecdb556c50c9e8de78 -> 
  custom:audio-decoder-ogg-vorbis: bf7c407c2cedff20999df2af8eb42d56 -> 
========================================================================
Received Prepare
Registering precompiled user dll's ...
Registered in 0.015541 seconds.
Begin MonoManager ReloadAssembly
Symbol file LoadedFromMemory doesn't match image C:\Users\Rosaa\OneDrive\Documentos\UTCH\10 Cuatri\Videojuegos\JuegoIndividual\Library\PackageCache\com.unity.visualscripting@1.7.8\Editor\VisualScripting.Core\Dependencies\YamlDotNet\Unity.VisualScripting.YamlDotNet.dll
Symbol file LoadedFromMemory doesn't match image C:\Users\Rosaa\OneDrive\Documentos\UTCH\10 Cuatri\Videojuegos\JuegoIndividual\Library\PackageCache\com.unity.visualscripting@1.7.8\Editor\VisualScripting.Core\Dependencies\DotNetZip\Unity.VisualScripting.IonicZip.dll
Native extension for WindowsStandalone target not found
Native extension for WebGL target not found
Refreshing native plugins compatible for Editor in 1.04 ms, found 3 plugins.
Preloading 0 native plugins for Editor in 0.00 ms.
Mono: successfully reloaded assembly
- Completed reload, in  1.779 seconds
Domain Reload Profiling:
	ReloadAssembly (1780ms)
		BeginReloadAssembly (252ms)
			ExecutionOrderSort (0ms)
			DisableScriptedObjects (7ms)
			BackupInstance (0ms)
			ReleaseScriptingObjects (0ms)
			CreateAndSetChildDomain (74ms)
		EndReloadAssembly (1297ms)
			LoadAssemblies (167ms)
			RebuildTransferFunctionScriptingTraits (0ms)
			SetupTypeCache (433ms)
			ReleaseScriptCaches (1ms)
			RebuildScriptCaches (70ms)
			SetupLoadedEditorAssemblies (548ms)
				LogAssemblyErrors (0ms)
				InitializePlatformSupportModulesInManaged (24ms)
				SetLoadedEditorAssemblies (1ms)
				RefreshPlugins (1ms)
				BeforeProcessingInitializeOnLoad (113ms)
				ProcessInitializeOnLoadAttributes (356ms)
				ProcessInitializeOnLoadMethodAttributes (41ms)
				AfterProcessingInitializeOnLoad (11ms)
				EditorAssembliesLoaded (0ms)
			ExecutionOrderSort2 (0ms)
			AwakeInstancesAfterBackupRestoration (8ms)
Platform modules already initialized, skipping
Refreshing native plugins compatible for Editor in 2.16 ms, found 3 plugins.
Preloading 0 native plugins for Editor in 0.00 ms.
Unloading 3523 Unused Serialized files (Serialized files now loaded: 0)
Unloading 21 unused Assets / (148.9 KB). Loaded Objects now: 4129.
Memory consumption went from 129.7 MB to 129.6 MB.
Total: 4.790400 ms (FindLiveObjects: 0.311500 ms CreateObjectMapping: 0.234900 ms MarkObjects: 4.121900 ms  DeleteObjects: 0.120500 ms)

AssetImportParameters requested are different than current active one (requested -> active):
  custom:video-decoder-ogg-theora: a1e56fd34408186e4bbccfd4996cb3dc -> 
  custom:container-muxer-webm: aa71ff27fc2769a1b78a27578f13a17b -> 
  custom:container-demuxer-webm: 4f35f7cbe854078d1ac9338744f61a02 -> 
  custom:video-encoder-webm-vp8: eb34c28f22e8b96e1ab97ce403110664 -> 
  custom:video-codec-MediaFoundation-h265: 746d11721c4dcdbdad8f713fa42b33f4 -> 
  custom:audio-encoder-webm-vorbis: bf7c407c2cedff20999df2af8eb42d56 -> 
  custom:framework-win-MediaFoundation: 216162199b28c13a410421893ffa2e32 -> 
  custom:container-demuxer-ogg: 62fdf1f143b41e24485cea50d1cbac27 -> 
  custom:video-decoder-webm-vp8: 9c59270c3fd7afecdb556c50c9e8de78 -> 
  custom:audio-decoder-ogg-vorbis: bf7c407c2cedff20999df2af8eb42d56 -> 
========================================================================
Received Prepare
Registering precompiled user dll's ...
Registered in 0.006183 seconds.
Begin MonoManager ReloadAssembly
Symbol file LoadedFromMemory doesn't match image C:\Users\Rosaa\OneDrive\Documentos\UTCH\10 Cuatri\Videojuegos\JuegoIndividual\Library\PackageCache\com.unity.visualscripting@1.7.8\Editor\VisualScripting.Core\Dependencies\YamlDotNet\Unity.VisualScripting.YamlDotNet.dll
Symbol file LoadedFromMemory doesn't match image C:\Users\Rosaa\OneDrive\Documentos\UTCH\10 Cuatri\Videojuegos\JuegoIndividual\Library\PackageCache\com.unity.visualscripting@1.7.8\Editor\VisualScripting.Core\Dependencies\DotNetZip\Unity.VisualScripting.IonicZip.dll
Native extension for WindowsStandalone target not found
Native extension for WebGL target not found
Refreshing native plugins compatible for Editor in 0.72 ms, found 3 plugins.
Preloading 0 native plugins for Editor in 0.00 ms.
Mono: successfully reloaded assembly
- Completed reload, in  1.350 seconds
Domain Reload Profiling:
	ReloadAssembly (1351ms)
		BeginReloadAssembly (154ms)
			ExecutionOrderSort (0ms)
			DisableScriptedObjects (5ms)
			BackupInstance (0ms)
			ReleaseScriptingObjects (0ms)
			CreateAndSetChildDomain (42ms)
		EndReloadAssembly (1064ms)
			LoadAssemblies (106ms)
			RebuildTransferFunctionScriptingTraits (0ms)
			SetupTypeCache (366ms)
			ReleaseScriptCaches (2ms)
			RebuildScriptCaches (58ms)
			SetupLoadedEditorAssemblies (475ms)
				LogAssemblyErrors (0ms)
				InitializePlatformSupportModulesInManaged (18ms)
				SetLoadedEditorAssemblies (1ms)
				RefreshPlugins (1ms)
				BeforeProcessingInitializeOnLoad (95ms)
				ProcessInitializeOnLoadAttributes (304ms)
				ProcessInitializeOnLoadMethodAttributes (47ms)
				AfterProcessingInitializeOnLoad (9ms)
				EditorAssembliesLoaded (0ms)
			ExecutionOrderSort2 (0ms)
			AwakeInstancesAfterBackupRestoration (7ms)
Platform modules already initialized, skipping
Refreshing native plugins compatible for Editor in 3.55 ms, found 3 plugins.
Preloading 0 native plugins for Editor in 0.00 ms.
Unloading 3523 Unused Serialized files (Serialized files now loaded: 0)
Unloading 21 unused Assets / (148.9 KB). Loaded Objects now: 4144.
Memory consumption went from 129.8 MB to 129.6 MB.
Total: 4.952000 ms (FindLiveObjects: 0.393000 ms CreateObjectMapping: 0.528300 ms MarkObjects: 3.886500 ms  DeleteObjects: 0.142900 ms)

AssetImportParameters requested are different than current active one (requested -> active):
  custom:video-decoder-ogg-theora: a1e56fd34408186e4bbccfd4996cb3dc -> 
  custom:container-muxer-webm: aa71ff27fc2769a1b78a27578f13a17b -> 
  custom:container-demuxer-webm: 4f35f7cbe854078d1ac9338744f61a02 -> 
  custom:video-encoder-webm-vp8: eb34c28f22e8b96e1ab97ce403110664 -> 
  custom:video-codec-MediaFoundation-h265: 746d11721c4dcdbdad8f713fa42b33f4 -> 
  custom:audio-encoder-webm-vorbis: bf7c407c2cedff20999df2af8eb42d56 -> 
  custom:framework-win-MediaFoundation: 216162199b28c13a410421893ffa2e32 -> 
  custom:container-demuxer-ogg: 62fdf1f143b41e24485cea50d1cbac27 -> 
  custom:video-decoder-webm-vp8: 9c59270c3fd7afecdb556c50c9e8de78 -> 
  custom:audio-decoder-ogg-vorbis: bf7c407c2cedff20999df2af8eb42d56 -> 
========================================================================
Received Prepare
Registering precompiled user dll's ...
Registered in 0.009959 seconds.
Begin MonoManager ReloadAssembly
Symbol file LoadedFromMemory doesn't match image C:\Users\Rosaa\OneDrive\Documentos\UTCH\10 Cuatri\Videojuegos\JuegoIndividual\Library\PackageCache\com.unity.visualscripting@1.7.8\Editor\VisualScripting.Core\Dependencies\YamlDotNet\Unity.VisualScripting.YamlDotNet.dll
Symbol file LoadedFromMemory doesn't match image C:\Users\Rosaa\OneDrive\Documentos\UTCH\10 Cuatri\Videojuegos\JuegoIndividual\Library\PackageCache\com.unity.visualscripting@1.7.8\Editor\VisualScripting.Core\Dependencies\DotNetZip\Unity.VisualScripting.IonicZip.dll
Native extension for WindowsStandalone target not found
Native extension for WebGL target not found
Refreshing native plugins compatible for Editor in 1.22 ms, found 3 plugins.
Preloading 0 native plugins for Editor in 0.00 ms.
Mono: successfully reloaded assembly
- Completed reload, in  1.430 seconds
Domain Reload Profiling:
	ReloadAssembly (1431ms)
		BeginReloadAssembly (157ms)
			ExecutionOrderSort (0ms)
			DisableScriptedObjects (6ms)
			BackupInstance (0ms)
			ReleaseScriptingObjects (0ms)
			CreateAndSetChildDomain (45ms)
		EndReloadAssembly (1157ms)
			LoadAssemblies (103ms)
			RebuildTransferFunctionScriptingTraits (0ms)
			SetupTypeCache (387ms)
			ReleaseScriptCaches (2ms)
			RebuildScriptCaches (63ms)
			SetupLoadedEditorAssemblies (534ms)
				LogAssemblyErrors (0ms)
				InitializePlatformSupportModulesInManaged (18ms)
				SetLoadedEditorAssemblies (1ms)
				RefreshPlugins (1ms)
				BeforeProcessingInitializeOnLoad (94ms)
				ProcessInitializeOnLoadAttributes (357ms)
				ProcessInitializeOnLoadMethodAttributes (50ms)
				AfterProcessingInitializeOnLoad (12ms)
				EditorAssembliesLoaded (0ms)
			ExecutionOrderSort2 (0ms)
			AwakeInstancesAfterBackupRestoration (10ms)
Platform modules already initialized, skipping
Refreshing native plugins compatible for Editor in 3.09 ms, found 3 plugins.
Preloading 0 native plugins for Editor in 0.00 ms.
Unloading 3523 Unused Serialized files (Serialized files now loaded: 0)
Unloading 21 unused Assets / (148.9 KB). Loaded Objects now: 4159.
Memory consumption went from 129.8 MB to 129.6 MB.
Total: 3.191700 ms (FindLiveObjects: 0.287100 ms CreateObjectMapping: 0.145400 ms MarkObjects: 2.649300 ms  DeleteObjects: 0.109000 ms)

AssetImportParameters requested are different than current active one (requested -> active):
  custom:video-decoder-ogg-theora: a1e56fd34408186e4bbccfd4996cb3dc -> 
  custom:container-muxer-webm: aa71ff27fc2769a1b78a27578f13a17b -> 
  custom:container-demuxer-webm: 4f35f7cbe854078d1ac9338744f61a02 -> 
  custom:video-encoder-webm-vp8: eb34c28f22e8b96e1ab97ce403110664 -> 
  custom:video-codec-MediaFoundation-h265: 746d11721c4dcdbdad8f713fa42b33f4 -> 
  custom:audio-encoder-webm-vorbis: bf7c407c2cedff20999df2af8eb42d56 -> 
  custom:framework-win-MediaFoundation: 216162199b28c13a410421893ffa2e32 -> 
  custom:container-demuxer-ogg: 62fdf1f143b41e24485cea50d1cbac27 -> 
  custom:video-decoder-webm-vp8: 9c59270c3fd7afecdb556c50c9e8de78 -> 
  custom:audio-decoder-ogg-vorbis: bf7c407c2cedff20999df2af8eb42d56 -> 
========================================================================
Received Prepare
Registering precompiled user dll's ...
Registered in 0.006462 seconds.
Begin MonoManager ReloadAssembly
Symbol file LoadedFromMemory doesn't match image C:\Users\Rosaa\OneDrive\Documentos\UTCH\10 Cuatri\Videojuegos\JuegoIndividual\Library\PackageCache\com.unity.visualscripting@1.7.8\Editor\VisualScripting.Core\Dependencies\YamlDotNet\Unity.VisualScripting.YamlDotNet.dll
Symbol file LoadedFromMemory doesn't match image C:\Users\Rosaa\OneDrive\Documentos\UTCH\10 Cuatri\Videojuegos\JuegoIndividual\Library\PackageCache\com.unity.visualscripting@1.7.8\Editor\VisualScripting.Core\Dependencies\DotNetZip\Unity.VisualScripting.IonicZip.dll
Native extension for WindowsStandalone target not found
Native extension for WebGL target not found
Refreshing native plugins compatible for Editor in 1.24 ms, found 3 plugins.
Preloading 0 native plugins for Editor in 0.00 ms.
Mono: successfully reloaded assembly
- Completed reload, in  1.418 seconds
Domain Reload Profiling:
	ReloadAssembly (1418ms)
		BeginReloadAssembly (149ms)
			ExecutionOrderSort (0ms)
			DisableScriptedObjects (5ms)
			BackupInstance (0ms)
			ReleaseScriptingObjects (0ms)
			CreateAndSetChildDomain (46ms)
		EndReloadAssembly (1146ms)
			LoadAssemblies (113ms)
			RebuildTransferFunctionScriptingTraits (0ms)
			SetupTypeCache (406ms)
			ReleaseScriptCaches (2ms)
			RebuildScriptCaches (60ms)
			SetupLoadedEditorAssemblies (498ms)
				LogAssemblyErrors (0ms)
				InitializePlatformSupportModulesInManaged (19ms)
				SetLoadedEditorAssemblies (1ms)
				RefreshPlugins (1ms)
				BeforeProcessingInitializeOnLoad (97ms)
				ProcessInitializeOnLoadAttributes (324ms)
				ProcessInitializeOnLoadMethodAttributes (46ms)
				AfterProcessingInitializeOnLoad (10ms)
				EditorAssembliesLoaded (0ms)
			ExecutionOrderSort2 (0ms)
			AwakeInstancesAfterBackupRestoration (8ms)
Platform modules already initialized, skipping
Refreshing native plugins compatible for Editor in 2.24 ms, found 3 plugins.
Preloading 0 native plugins for Editor in 0.00 ms.
Unloading 3523 Unused Serialized files (Serialized files now loaded: 0)
Unloading 21 unused Assets / (148.9 KB). Loaded Objects now: 4174.
Memory consumption went from 129.8 MB to 129.7 MB.
Total: 5.175600 ms (FindLiveObjects: 0.565900 ms CreateObjectMapping: 0.869500 ms MarkObjects: 3.453800 ms  DeleteObjects: 0.283100 ms)

AssetImportParameters requested are different than current active one (requested -> active):
  custom:video-decoder-ogg-theora: a1e56fd34408186e4bbccfd4996cb3dc -> 
  custom:container-muxer-webm: aa71ff27fc2769a1b78a27578f13a17b -> 
  custom:container-demuxer-webm: 4f35f7cbe854078d1ac9338744f61a02 -> 
  custom:video-encoder-webm-vp8: eb34c28f22e8b96e1ab97ce403110664 -> 
  custom:video-codec-MediaFoundation-h265: 746d11721c4dcdbdad8f713fa42b33f4 -> 
  custom:audio-encoder-webm-vorbis: bf7c407c2cedff20999df2af8eb42d56 -> 
  custom:framework-win-MediaFoundation: 216162199b28c13a410421893ffa2e32 -> 
  custom:container-demuxer-ogg: 62fdf1f143b41e24485cea50d1cbac27 -> 
  custom:video-decoder-webm-vp8: 9c59270c3fd7afecdb556c50c9e8de78 -> 
  custom:audio-decoder-ogg-vorbis: bf7c407c2cedff20999df2af8eb42d56 -> 
